mode: set
github.com/davidyunus/article-service/cmd/server/main.go:16.13,18.15 2 0
github.com/davidyunus/article-service/cmd/server/main.go:18.15,21.3 1 0
github.com/davidyunus/article-service/cmd/server/main.go:23.2,24.16 2 0
github.com/davidyunus/article-service/cmd/server/main.go:24.16,26.3 1 0
github.com/davidyunus/article-service/cmd/server/main.go:27.2,36.16 7 0
github.com/davidyunus/article-service/cmd/server/main.go:36.16,38.3 1 0
github.com/davidyunus/article-service/cmd/server/main.go:39.2,40.44 2 0
github.com/davidyunus/article-service/cmd/server/main.go:40.44,42.3 1 0
github.com/davidyunus/article-service/usecase/article_usecase.go:13.77,15.2 1 1
github.com/davidyunus/article-service/usecase/article_usecase.go:17.113,24.2 2 1
github.com/davidyunus/article-service/usecase/article_usecase.go:26.106,28.2 1 1
github.com/davidyunus/article-service/handler/article_http.go:16.66,18.2 1 1
github.com/davidyunus/article-service/handler/article_http.go:20.68,24.2 3 0
github.com/davidyunus/article-service/handler/article_http.go:26.62,28.37 2 1
github.com/davidyunus/article-service/handler/article_http.go:28.37,30.3 1 0
github.com/davidyunus/article-service/handler/article_http.go:31.2,32.16 2 1
github.com/davidyunus/article-service/handler/article_http.go:32.16,34.3 1 0
github.com/davidyunus/article-service/handler/article_http.go:35.2,35.40 1 1
github.com/davidyunus/article-service/handler/article_http.go:38.61,41.16 3 1
github.com/davidyunus/article-service/handler/article_http.go:41.16,43.3 1 0
github.com/davidyunus/article-service/handler/article_http.go:44.2,45.16 2 1
github.com/davidyunus/article-service/handler/article_http.go:45.16,47.3 1 0
github.com/davidyunus/article-service/handler/article_http.go:48.2,48.40 1 1
github.com/davidyunus/article-service/repository/mysql/article_mysql.go:15.63,17.2 1 1
github.com/davidyunus/article-service/repository/mysql/article_mysql.go:19.100,23.16 4 1
github.com/davidyunus/article-service/repository/mysql/article_mysql.go:23.16,25.3 1 0
github.com/davidyunus/article-service/repository/mysql/article_mysql.go:26.2,27.16 2 1
github.com/davidyunus/article-service/repository/mysql/article_mysql.go:27.16,29.3 1 0
github.com/davidyunus/article-service/repository/mysql/article_mysql.go:30.2,32.15 3 1
github.com/davidyunus/article-service/repository/mysql/article_mysql.go:35.100,38.16 3 1
github.com/davidyunus/article-service/repository/mysql/article_mysql.go:38.16,40.3 1 0
github.com/davidyunus/article-service/repository/mysql/article_mysql.go:41.2,44.18 3 1
github.com/davidyunus/article-service/repository/mysql/article_mysql.go:44.18,46.89 2 1
github.com/davidyunus/article-service/repository/mysql/article_mysql.go:46.89,48.4 1 0
github.com/davidyunus/article-service/repository/mysql/article_mysql.go:49.3,49.24 1 1
github.com/davidyunus/article-service/repository/mysql/article_mysql.go:51.2,51.35 1 1
github.com/davidyunus/article-service/repository/mysql/article_mysql.go:51.35,53.3 1 0
github.com/davidyunus/article-service/repository/mysql/article_mysql.go:54.2,54.17 1 1
